<?xml version="1.0" encoding="UTF-8"?>
<testsuite name="my.oauth.client.test.SpringOAuthClientApplicationTests" tests="1" skipped="0" failures="0" errors="0" timestamp="2020-03-30T14:59:50" hostname="calipso" time="0.057">
  <properties/>
  <testcase name="contextLoads()" classname="my.oauth.client.test.SpringOAuthClientApplicationTests" time="0.057"/>
  <system-out><![CDATA[17:59:44.695 [Test worker] DEBUG org.springframework.test.context.BootstrapUtils - Instantiating CacheAwareContextLoaderDelegate from class [org.springframework.test.context.cache.DefaultCacheAwareContextLoaderDelegate]
17:59:44.706 [Test worker] DEBUG org.springframework.test.context.BootstrapUtils - Instantiating BootstrapContext using constructor [public org.springframework.test.context.support.DefaultBootstrapContext(java.lang.Class,org.springframework.test.context.CacheAwareContextLoaderDelegate)]
17:59:44.734 [Test worker] DEBUG org.springframework.test.context.BootstrapUtils - Instantiating TestContextBootstrapper for test class [my.oauth.client.test.SpringOAuthClientApplicationTests] from class [org.springframework.boot.test.context.SpringBootTestContextBootstrapper]
17:59:44.746 [Test worker] INFO org.springframework.boot.test.context.SpringBootTestContextBootstrapper - Neither @ContextConfiguration nor @ContextHierarchy found for test class [my.oauth.client.test.SpringOAuthClientApplicationTests], using SpringBootContextLoader
17:59:44.750 [Test worker] DEBUG org.springframework.test.context.support.AbstractContextLoader - Did not detect default resource location for test class [my.oauth.client.test.SpringOAuthClientApplicationTests]: class path resource [my/oauth/client/test/SpringOAuthClientApplicationTests-context.xml] does not exist
17:59:44.750 [Test worker] DEBUG org.springframework.test.context.support.AbstractContextLoader - Did not detect default resource location for test class [my.oauth.client.test.SpringOAuthClientApplicationTests]: class path resource [my/oauth/client/test/SpringOAuthClientApplicationTestsContext.groovy] does not exist
17:59:44.750 [Test worker] INFO org.springframework.test.context.support.AbstractContextLoader - Could not detect default resource locations for test class [my.oauth.client.test.SpringOAuthClientApplicationTests]: no resource found for suffixes {-context.xml, Context.groovy}.
17:59:44.751 [Test worker] INFO org.springframework.test.context.support.AnnotationConfigContextLoaderUtils - Could not detect default configuration classes for test class [my.oauth.client.test.SpringOAuthClientApplicationTests]: SpringOAuthClientApplicationTests does not declare any static, non-private, non-final, nested classes annotated with @Configuration.
17:59:44.787 [Test worker] DEBUG org.springframework.test.context.support.ActiveProfilesUtils - Could not find an 'annotation declaring class' for annotation type [org.springframework.test.context.ActiveProfiles] and class [my.oauth.client.test.SpringOAuthClientApplicationTests]
17:59:44.855 [Test worker] DEBUG org.springframework.context.annotation.ClassPathScanningCandidateComponentProvider - Identified candidate component class: file [/home/admin2/workspace/SpringOAuthClient2/build/classes/java/main/my/oauth/client/ClientApp.class]
17:59:44.855 [Test worker] INFO org.springframework.boot.test.context.SpringBootTestContextBootstrapper - Found @SpringBootConfiguration my.oauth.client.ClientApp for test class my.oauth.client.test.SpringOAuthClientApplicationTests
17:59:44.942 [Test worker] DEBUG org.springframework.boot.test.context.SpringBootTestContextBootstrapper - @TestExecutionListeners is not present for class [my.oauth.client.test.SpringOAuthClientApplicationTests]: using defaults.
17:59:44.943 [Test worker] INFO org.springframework.boot.test.context.SpringBootTestContextBootstrapper - Loaded default TestExecutionListener class names from location [META-INF/spring.factories]: [org.springframework.security.test.context.support.WithSecurityContextTestExecutionListener, org.springframework.security.test.context.support.ReactorContextTestExecutionListener, org.springframework.boot.test.autoconfigure.restdocs.RestDocsTestExecutionListener, org.springframework.boot.test.autoconfigure.web.client.MockRestServiceServerResetTestExecutionListener, org.springframework.boot.test.autoconfigure.web.servlet.MockMvcPrintOnlyOnFailureTestExecutionListener, org.springframework.boot.test.autoconfigure.web.servlet.WebDriverTestExecutionListener, org.springframework.boot.test.mock.mockito.MockitoTestExecutionListener, org.springframework.boot.test.mock.mockito.ResetMocksTestExecutionListener, org.springframework.test.context.web.ServletTestExecutionListener, org.springframework.test.context.support.DirtiesContextBeforeModesTestExecutionListener, org.springframework.test.context.support.DependencyInjectionTestExecutionListener, org.springframework.test.context.support.DirtiesContextTestExecutionListener, org.springframework.test.context.transaction.TransactionalTestExecutionListener, org.springframework.test.context.jdbc.SqlScriptsTestExecutionListener, org.springframework.test.context.event.EventPublishingTestExecutionListener]
17:59:44.961 [Test worker] INFO org.springframework.boot.test.context.SpringBootTestContextBootstrapper - Using TestExecutionListeners: [org.springframework.test.context.web.ServletTestExecutionListener@44884cf7, org.springframework.test.context.support.DirtiesContextBeforeModesTestExecutionListener@7d1aa902, org.springframework.boot.test.mock.mockito.MockitoTestExecutionListener@32013914, org.springframework.boot.test.autoconfigure.SpringBootDependencyInjectionTestExecutionListener@13771c21, org.springframework.test.context.support.DirtiesContextTestExecutionListener@151e154c, org.springframework.test.context.transaction.TransactionalTestExecutionListener@3de4fc54, org.springframework.test.context.jdbc.SqlScriptsTestExecutionListener@696bb65, org.springframework.security.test.context.support.WithSecurityContextTestExecutionListener@2d2b3982, org.springframework.test.context.event.EventPublishingTestExecutionListener@487afd1e, org.springframework.security.test.context.support.ReactorContextTestExecutionListener@52e6be19, org.springframework.boot.test.autoconfigure.restdocs.RestDocsTestExecutionListener@61186ab3, org.springframework.boot.test.autoconfigure.web.client.MockRestServiceServerResetTestExecutionListener@158bb83b, org.springframework.boot.test.autoconfigure.web.servlet.MockMvcPrintOnlyOnFailureTestExecutionListener@a063599, org.springframework.boot.test.autoconfigure.web.servlet.WebDriverTestExecutionListener@6d7744b6, org.springframework.boot.test.mock.mockito.ResetMocksTestExecutionListener@4f18e659]
17:59:44.966 [Test worker] DEBUG org.springframework.test.context.support.AbstractDirtiesContextTestExecutionListener - Before test class: context [DefaultTestContext@3942b768 testClass = SpringOAuthClientApplicationTests, testInstance = [null], testMethod = [null], testException = [null], mergedContextConfiguration = [WebMergedContextConfiguration@636486b7 testClass = SpringOAuthClientApplicationTests, locations = '{}', classes = '{class my.oauth.client.ClientApp}', contextInitializerClasses = '[]', activeProfiles = '{}', propertySourceLocations = '{}', propertySourceProperties = '{org.springframework.boot.test.context.SpringBootTestContextBootstrapper=true}', contextCustomizers = set[org.springframework.boot.test.autoconfigure.properties.PropertyMappingContextCustomizer@0, org.springframework.boot.test.autoconfigure.web.servlet.WebDriverContextCustomizerFactory$Customizer@46904132, org.springframework.boot.test.context.filter.ExcludeFilterContextCustomizer@4a6d4834, org.springframework.boot.test.json.DuplicateJsonObjectContextCustomizerFactory$DuplicateJsonObjectContextCustomizer@56bd78f, org.springframework.boot.test.mock.mockito.MockitoContextCustomizer@0, org.springframework.boot.test.web.client.TestRestTemplateContextCustomizer@361529cd], resourceBasePath = 'src/main/webapp', contextLoader = 'org.springframework.boot.test.context.SpringBootContextLoader', parent = [null]], attributes = map['org.springframework.test.context.web.ServletTestExecutionListener.activateListener' -> true]], class annotated with @DirtiesContext [false] with mode [null].
17:59:44.989 [Test worker] DEBUG org.springframework.test.context.support.TestPropertySourceUtils - Adding inlined properties to environment: {spring.jmx.enabled=false, org.springframework.boot.test.context.SpringBootTestContextBootstrapper=true, server.port=-1}

  .   ____          _            __ _ _
 /\\ / ___'_ __ _ _(_)_ __  __ _ \ \ \ \
( ( )\___ | '_ | '_| | '_ \/ _` | \ \ \ \
 \\/  ___)| |_)| | | | | || (_| |  ) ) ) )
  '  |____| .__|_| |_|_| |_\__, | / / / /
 =========|_|==============|___/=/_/_/_/
 :: Spring Boot ::        (v2.2.6.RELEASE)

2020-03-30 17:59:45.324  INFO 4179 --- [    Test worker] .o.c.t.SpringOAuthClientApplicationTests : Starting SpringOAuthClientApplicationTests on calipso with PID 4179 (started by admin2 in /home/admin2/workspace/SpringOAuthClient2)
2020-03-30 17:59:45.327  INFO 4179 --- [    Test worker] .o.c.t.SpringOAuthClientApplicationTests : No active profile set, falling back to default profiles: default
2020-03-30 17:59:46.062  INFO 4179 --- [    Test worker] .s.d.r.c.RepositoryConfigurationDelegate : Bootstrapping Spring Data JPA repositories in DEFAULT mode.
2020-03-30 17:59:46.138  INFO 4179 --- [    Test worker] .s.d.r.c.RepositoryConfigurationDelegate : Finished Spring Data repository scanning in 65ms. Found 1 JPA repository interfaces.
2020-03-30 17:59:46.942  INFO 4179 --- [    Test worker] o.hibernate.jpa.internal.util.LogHelper  : HHH000204: Processing PersistenceUnitInfo [name: default]
2020-03-30 17:59:46.996  INFO 4179 --- [    Test worker] org.hibernate.Version                    : HHH000412: Hibernate ORM core version 5.4.12.Final
2020-03-30 17:59:47.119  INFO 4179 --- [    Test worker] o.hibernate.annotations.common.Version   : HCANN000001: Hibernate Commons Annotations {5.1.0.Final}
2020-03-30 17:59:47.213  INFO 4179 --- [    Test worker] com.zaxxer.hikari.HikariDataSource       : HikariPool-1 - Starting...
2020-03-30 17:59:47.597  INFO 4179 --- [    Test worker] com.zaxxer.hikari.HikariDataSource       : HikariPool-1 - Start completed.
2020-03-30 17:59:47.612  INFO 4179 --- [    Test worker] org.hibernate.dialect.Dialect            : HHH000400: Using dialect: org.hibernate.dialect.MySQL5Dialect
2020-03-30 17:59:48.300  INFO 4179 --- [    Test worker] o.h.e.t.j.p.i.JtaPlatformInitiator       : HHH000490: Using JtaPlatform implementation: [org.hibernate.engine.transaction.jta.platform.internal.NoJtaPlatform]
2020-03-30 17:59:48.307  INFO 4179 --- [    Test worker] j.LocalContainerEntityManagerFactoryBean : Initialized JPA EntityManagerFactory for persistence unit 'default'
2020-03-30 17:59:48.401  WARN 4179 --- [    Test worker] JpaBaseConfiguration$JpaWebConfiguration : spring.jpa.open-in-view is enabled by default. Therefore, database queries may be performed during view rendering. Explicitly configure spring.jpa.open-in-view to disable this warning
2020-03-30 17:59:49.102  INFO 4179 --- [    Test worker] o.s.s.web.DefaultSecurityFilterChain     : Creating filter chain: Ant [pattern='/resources/**'], []
2020-03-30 17:59:49.102  INFO 4179 --- [    Test worker] o.s.s.web.DefaultSecurityFilterChain     : Creating filter chain: any request, []
2020-03-30 17:59:49.198  INFO 4179 --- [    Test worker] o.s.s.web.DefaultSecurityFilterChain     : Creating filter chain: any request, [org.springframework.security.web.context.request.async.WebAsyncManagerIntegrationFilter@5d9ea87b, org.springframework.security.web.context.SecurityContextPersistenceFilter@5371a9ff, org.springframework.security.web.header.HeaderWriterFilter@12f40c0a, org.springframework.security.web.csrf.CsrfFilter@794a0461, org.springframework.security.web.authentication.logout.LogoutFilter@6b8573b, org.springframework.security.web.authentication.UsernamePasswordAuthenticationFilter@4212005c, org.springframework.security.web.savedrequest.RequestCacheAwareFilter@5bf4fb33, org.springframework.security.web.servletapi.SecurityContextHolderAwareRequestFilter@48ecb941, org.springframework.security.web.authentication.AnonymousAuthenticationFilter@74238acf, org.springframework.security.web.session.SessionManagementFilter@50d2bbd6, org.springframework.security.web.access.ExceptionTranslationFilter@72506e84, org.springframework.security.web.access.intercept.FilterSecurityInterceptor@4ce3abdf]
2020-03-30 17:59:49.605  INFO 4179 --- [    Test worker] o.s.s.concurrent.ThreadPoolTaskExecutor  : Initializing ExecutorService 'applicationTaskExecutor'
2020-03-30 17:59:50.116  INFO 4179 --- [    Test worker] .o.c.t.SpringOAuthClientApplicationTests : Started SpringOAuthClientApplicationTests in 5.119 seconds (JVM running for 6.15)
]]></system-out>
  <system-err><![CDATA[]]></system-err>
</testsuite>
